<?xml version="1.0" encoding="UTF-8"?>
<!-- Generated by org.testng.reporters.JUnitReportReporter -->
<testsuite hostname="TL1061" failures="0" tests="1" name="testcase.RunLogin" time="9.567" errors="0" timestamp="2022-11-23T12:25:27 IST" skipped="0">
  <testcase classname="testcase.RunLogin" name="runLogin" time="9.567"/>
  <system-out/>
</testsuite> <!-- testcase.RunLogin -->
